#
# A fatal error has been detected by the Java Runtime Environment:
#
#  SIGSEGV (0xb) at pc=0x0000000113825f99, pid=67948, tid=30119
#
# JRE version: Java(TM) SE Runtime Environment (8.0_91-b14) (build 1.8.0_91-b14)
# Java VM: Java HotSpot(TM) 64-Bit Server VM (25.91-b14 mixed mode bsd-amd64 compressed oops)
# Problematic frame:
# 
[error occurred during error reporting (printing problematic frame), id 0xb]

# Failed to write core dump. Core dumps have been disabled. To enable core dumping, try "ulimit -c unlimited" before starting Java again
#
# If you would like to submit a bug report, please visit:
#   http://bugreport.java.com/bugreport/crash.jsp
#

---------------  T H R E A D  ---------------

Current thread (0x00007fdc36829800):  JavaThread "Daemon worker Thread 45" [_thread_in_Java, id=30119, stack(0x0000000126d6b000,0x0000000126e6b000)]

siginfo: si_signo: 11 (SIGSEGV), si_code: 1 (SEGV_MAPERR), si_addr: 0x000000000000162b

Registers:
RAX=0x00000000000016a0, RBX=0x0000000000015b48, RCX=0x00000007c0887868, RDX=0x000000012b3cd9b8
RSP=0x0000000126e64598, RBP=0x0000000126e67950, RSI=0x00000007abbe4648, RDI=0x00000007abbe4648
R8 =0x00000007abbe4610, R9 =0x00000000000001f3, R10=0x00000000f00a8124, R11=0x00000000f8113b5f
R12=0x0000000000000000, R13=0x000000011bec3000, R14=0x0000000000000004, R15=0x00007fdc36829800
RIP=0x0000000113825f99, EFLAGS=0x0000000000010282, ERR=0x0000000000000006
  TRAPNO=0x000000000000000e

Top of Stack: (sp=0x0000000126e64598)
0x0000000126e64598:   00000007abbe4648 00000007abb61600
0x0000000126e645a8:   00000007abbe4508 0000000027befa90
0x0000000126e645b8:   0000000026b76200 00000007abb61600
0x0000000126e645c8:   0000000112d4b9c0 00000007abb592a0
0x0000000126e645d8:   00000007abbe4550 00000007abb5eb30
0x0000000126e645e8:   0000000700000000 00000007abbd9f28
0x0000000126e645f8:   00000007abbd9fb8 0000000126e67950
0x0000000126e64608:   00000001137a0ba4 00000007abb57b50
0x0000000126e64618:   00000007abb63878 0000000000000000
0x0000000126e64628:   00000007abb578a0 00000007abbe4588
0x0000000126e64638:   00000007abb63878 00000007abb637e8
0x0000000126e64648:   00000007abbe4648 00000007814bb818
0x0000000126e64658:   00000007abbe4550 00000007abbe4610
0x0000000126e64668:   00000007abbe4508 00000007abbe4610
0x0000000126e64678:   00000007abbe4550 00000007abbe4550
0x0000000126e64688:   0000000000000000 0000000126e67950
0x0000000126e64698:   00000001145d8284 00007fdc36829800
0x0000000126e646a8:   0000000000000000 0000000000000000
0x0000000126e646b8:   0000000000000000 00000007abbd9830
0x0000000126e646c8:   0000000000000001 00000007abbd9830
0x0000000126e646d8:   00007fdc36829800 0000000126e64720
0x0000000126e646e8:   0000000100000001 00007fdc36829800
0x0000000126e646f8:   00007fdc36829800 00000007abb57b50
0x0000000126e64708:   000000011130749c 0000000126e64750
0x0000000126e64718:   00000007abb57ba8 00000007abb57b50
0x0000000126e64728:   00000007abb61600 00000007abb578a0
0x0000000126e64738:   00000007abb63878 00000007abb63910
0x0000000126e64748:   0000000000000000 00000007abb592a0
0x0000000126e64758:   00000007abb61600 00000007814bb818
0x0000000126e64768:   0000000100000001 00000007abb61600
0x0000000126e64778:   0000000000000000 00000007abb578d8
0x0000000126e64788:   f576b25800000001 00000007abb592a0 

Instructions: (pc=0x0000000113825f99)
0x0000000113825f79:   07 00 00 00 49 c1 ea 03 44 89 56 2c 48 8b fe 01
0x0000000113825f89:   c0 57 00 01 c0 57 00 01 c0 57 00 01 c0 57 00 1f
0x0000000113825f99:   00 48 8b fe 48 bb b8 d9 3c 2b 01 00 00 00 49 ba
0x0000000113825fa9:   28 cc 88 c0 07 00 00 00 4c 89 93 c8 01 00 00 48 

Register to memory mapping:

RAX=0x00000000000016a0 is an unknown value
RBX=0x0000000000015b48 is an unknown value
RCX=0x00000007c0887868 is pointing into metadata
RDX=0x000000012b3cd9b8 is pointing into metadata
RSP=0x0000000126e64598 is pointing into the stack for thread: 0x00007fdc36829800
RBP=0x0000000126e67950 is pointing into the stack for thread: 0x00007fdc36829800
RSI=0x00000007abbe4648 is an oop

[error occurred during error reporting (printing register info), id 0xb]

Stack: [0x0000000126d6b000,0x0000000126e6b000],  sp=0x0000000126e64598,  free space=997k
Native frames: (J=compiled Java code, j=interpreted, Vv=VM code, C=native code)

[error occurred during error reporting (printing native stack), id 0xb]


---------------  P R O C E S S  ---------------

Java Threads: ( => current thread )
  0x00007fdc358e0000 JavaThread "Stdin handler" [_thread_blocked, id=46263, stack(0x0000000126e6e000,0x0000000126f6e000)]
=>0x00007fdc36829800 JavaThread "Daemon worker Thread 45" [_thread_in_Java, id=30119, stack(0x0000000126d6b000,0x0000000126e6b000)]
  0x00007fdc374e0800 JavaThread "Cancel handler" [_thread_blocked, id=28383, stack(0x0000000126c68000,0x0000000126d68000)]
  0x00007fdc320b9000 JavaThread "Handler for socket connection from /127.0.0.1:52948 to /127.0.0.1:51399" [_thread_in_native, id=27543, stack(0x0000000126494000,0x0000000126594000)]
  0x00007fdc3751d800 JavaThread "Daemon Thread 45" [_thread_blocked, id=51851, stack(0x0000000126391000,0x0000000126491000)]
  0x00007fdc3774e800 JavaThread "pool-2-thread-4" [_thread_blocked, id=23055, stack(0x0000000127d9c000,0x0000000127e9c000)]
  0x00007fdc323b9800 JavaThread "pool-2-thread-3" [_thread_blocked, id=25091, stack(0x000000012aa79000,0x000000012ab79000)]
  0x00007fdc35bfc000 JavaThread "pool-2-thread-2" [_thread_blocked, id=24579, stack(0x000000012a976000,0x000000012aa76000)]
  0x00007fdc323b9000 JavaThread "pool-2-thread-1" [_thread_blocked, id=23559, stack(0x000000012a873000,0x000000012a973000)]
  0x00007fdc32ddb800 JavaThread "File lock request listener" [_thread_in_native, id=13063, stack(0x00000001278ba000,0x00000001279ba000)]
  0x00007fdc32254000 JavaThread "Incoming local TCP Connector on port 52948" [_thread_in_native, id=19203, stack(0x0000000126965000,0x0000000126a65000)]
  0x00007fdc32866800 JavaThread "Service Thread" daemon [_thread_blocked, id=18179, stack(0x0000000125efb000,0x0000000125ffb000)]
  0x00007fdc3280c800 JavaThread "C1 CompilerThread2" daemon [_thread_blocked, id=17667, stack(0x0000000125df8000,0x0000000125ef8000)]
  0x00007fdc31809000 JavaThread "C2 CompilerThread1" daemon [_thread_blocked, id=17155, stack(0x0000000125cf5000,0x0000000125df5000)]
  0x00007fdc32812800 JavaThread "C2 CompilerThread0" daemon [_thread_blocked, id=16643, stack(0x0000000125bf2000,0x0000000125cf2000)]
  0x00007fdc31034000 JavaThread "Signal Dispatcher" daemon [_thread_blocked, id=12563, stack(0x0000000125aef000,0x0000000125bef000)]
  0x00007fdc31030000 JavaThread "Finalizer" daemon [_thread_blocked, id=11523, stack(0x00000001240d3000,0x00000001241d3000)]
  0x00007fdc32036000 JavaThread "Reference Handler" daemon [_thread_blocked, id=11011, stack(0x0000000123fd0000,0x00000001240d0000)]
  0x00007fdc31808000 JavaThread "main" [_thread_blocked, id=4867, stack(0x0000000110601000,0x0000000110701000)]

Other Threads:
  0x00007fdc32003800 VMThread [stack: 0x0000000123ecd000,0x0000000123fcd000] [id=10499]
  0x00007fdc31817800 WatcherThread [stack: 0x0000000125ffe000,0x00000001260fe000] [id=18691]

VM state:not at safepoint (normal execution)

VM Mutex/Monitor currently owned by a thread: None

Heap:
 PSYoungGen      total 242688K, used 24057K [0x00000007aab00000, 0x00000007bcb80000, 0x00000007c0000000)
  eden space 202240K, 8% used [0x00000007aab00000,0x00000007abc464b0,0x00000007b7080000)
  from space 40448K, 15% used [0x00000007b7080000,0x00000007b76b8000,0x00000007b9800000)
  to   space 38912K, 0% used [0x00000007ba580000,0x00000007ba580000,0x00000007bcb80000)
 ParOldGen       total 66048K, used 42757K [0x0000000780000000, 0x0000000784080000, 0x00000007aab00000)
  object space 66048K, 64% used [0x0000000780000000,0x00000007829c16b0,0x0000000784080000)
 Metaspace       used 70546K, capacity 76714K, committed 79104K, reserved 1118208K
  class space    used 8881K, capacity 9313K, committed 9984K, reserved 1048576K

Card table byte_map: [0x000000011fac3000,0x000000011fcc4000] byte_map_base: 0x000000011bec3000

Marking Bits: (ParMarkBitMap*) 0x000000010f6a2eb0
 Begin Bits: [0x0000000120226000, 0x0000000121226000)
 End Bits:   [0x0000000121226000, 0x0000000122226000)

Polling page: 0x000000010fdaa000

CodeCache: size=245760Kb used=73427Kb max_used=73440Kb free=172332Kb
 bounds [0x0000000110703000, 0x0000000114f63000, 0x000000011f703000]
 total_blobs=18992 nmethods=18232 adapters=670
 compilation: enabled

Compilation events (10 events):
Event: 23058.684 Thread 0x00007fdc31809000 nmethod 27126 0x0000000114a33510 code [0x0000000114a337c0, 0x0000000114a34350]
Event: 23058.685 Thread 0x00007fdc32812800 nmethod 27127 0x000000011361ec90 code [0x000000011361ef40, 0x000000011361fad0]
Event: 23058.741 Thread 0x00007fdc3280c800 27128       3       com.android.build.gradle.internal.dsl.BuildType_Decorated::getManifestPlaceholders (25 bytes)
Event: 23058.744 Thread 0x00007fdc3280c800 nmethod 27128 0x0000000114b1f1d0 code [0x0000000114b1f420, 0x0000000114b201a8]
Event: 23058.840 Thread 0x00007fdc32812800 27129       4       sun.misc.FloatingDecimal::getBinaryToASCIIConverter (183 bytes)
Event: 23058.870 Thread 0x00007fdc32812800 nmethod 27129 0x0000000114a31790 code [0x0000000114a319c0, 0x0000000114a324b0]
Event: 23915.070 Thread 0x00007fdc3280c800 27130       1       org.gradle.launcher.daemon.server.DefaultDaemonConnection$CommandQueue::access$1100 (5 bytes)
Event: 23915.090 Thread 0x00007fdc3280c800 nmethod 27130 0x0000000113385c50 code [0x0000000113385da0, 0x0000000113385e90]
Event: 23915.112 Thread 0x00007fdc31809000 27131       4       java.util.Hashtable::<init> (9 bytes)
Event: 23915.117 Thread 0x00007fdc31809000 nmethod 27131 0x00000001139b9cd0 code [0x00000001139b9e20, 0x00000001139b9f78]

GC Heap History (10 events):
Event: 22952.900 GC heap before
{Heap before GC invocations=127 (full 41):
 PSYoungGen      total 229888K, used 191952K [0x00000007aab00000, 0x00000007bc300000, 0x00000007c0000000)
  eden space 181248K, 100% used [0x00000007aab00000,0x00000007b5c00000,0x00000007b5c00000)
  from space 48640K, 22% used [0x00000007b5c00000,0x00000007b6674010,0x00000007b8b80000)
  to   space 46592K, 0% used [0x00000007b9580000,0x00000007b9580000,0x00000007bc300000)
 ParOldGen       total 66048K, used 36725K [0x0000000780000000, 0x0000000784080000, 0x00000007aab00000)
  object space 66048K, 55% used [0x0000000780000000,0x00000007823dd4e8,0x0000000784080000)
 Metaspace       used 70310K, capacity 76224K, committed 78848K, reserved 1118208K
  class space    used 8849K, capacity 9268K, committed 9984K, reserved 1048576K
Event: 22952.959 GC heap after
Heap after GC invocations=127 (full 41):
 PSYoungGen      total 243200K, used 15999K [0x00000007aab00000, 0x00000007bc480000, 0x00000007c0000000)
  eden space 196608K, 0% used [0x00000007aab00000,0x00000007aab00000,0x00000007b6b00000)
  from space 46592K, 34% used [0x00000007b9580000,0x00000007ba51fc50,0x00000007bc300000)
  to   space 43520K, 0% used [0x00000007b6b00000,0x00000007b6b00000,0x00000007b9580000)
 ParOldGen       total 66048K, used 36733K [0x0000000780000000, 0x0000000784080000, 0x00000007aab00000)
  object space 66048K, 55% used [0x0000000780000000,0x00000007823df4e8,0x0000000784080000)
 Metaspace       used 70310K, capacity 76224K, committed 78848K, reserved 1118208K
  class space    used 8849K, capacity 9268K, committed 9984K, reserved 1048576K
}
Event: 22954.167 GC heap before
{Heap before GC invocations=128 (full 41):
 PSYoungGen      total 243200K, used 42454K [0x00000007aab00000, 0x00000007bc480000, 0x00000007c0000000)
  eden space 196608K, 13% used [0x00000007aab00000,0x00000007ac4d5cc8,0x00000007b6b00000)
  from space 46592K, 34% used [0x00000007b9580000,0x00000007ba51fc50,0x00000007bc300000)
  to   space 43520K, 0% used [0x00000007b6b00000,0x00000007b6b00000,0x00000007b9580000)
 ParOldGen       total 66048K, used 36733K [0x0000000780000000, 0x0000000784080000, 0x00000007aab00000)
  object space 66048K, 55% used [0x0000000780000000,0x00000007823df4e8,0x0000000784080000)
 Metaspace       used 70334K, capacity 76264K, committed 78848K, reserved 1118208K
  class space    used 8853K, capacity 9275K, committed 9984K, reserved 1048576K
Event: 22954.185 GC heap after
Heap after GC invocations=128 (full 41):
 PSYoungGen      total 240128K, used 12464K [0x00000007aab00000, 0x00000007bc080000, 0x00000007c0000000)
  eden space 196608K, 0% used [0x00000007aab00000,0x00000007aab00000,0x00000007b6b00000)
  from space 43520K, 28% used [0x00000007b6b00000,0x00000007b772c320,0x00000007b9580000)
  to   space 41472K, 0% used [0x00000007b9800000,0x00000007b9800000,0x00000007bc080000)
 ParOldGen       total 66048K, used 36733K [0x0000000780000000, 0x0000000784080000, 0x00000007aab00000)
  object space 66048K, 55% used [0x0000000780000000,0x00000007823df4e8,0x0000000784080000)
 Metaspace       used 70334K, capacity 76264K, committed 78848K, reserved 1118208K
  class space    used 8853K, capacity 9275K, committed 9984K, reserved 1048576K
}
Event: 22954.185 GC heap before
{Heap before GC invocations=129 (full 42):
 PSYoungGen      total 240128K, used 12464K [0x00000007aab00000, 0x00000007bc080000, 0x00000007c0000000)
  eden space 196608K, 0% used [0x00000007aab00000,0x00000007aab00000,0x00000007b6b00000)
  from space 43520K, 28% used [0x00000007b6b00000,0x00000007b772c320,0x00000007b9580000)
  to   space 41472K, 0% used [0x00000007b9800000,0x00000007b9800000,0x00000007bc080000)
 ParOldGen       total 66048K, used 36733K [0x0000000780000000, 0x0000000784080000, 0x00000007aab00000)
  object space 66048K, 55% used [0x0000000780000000,0x00000007823df4e8,0x0000000784080000)
 Metaspace       used 70334K, capacity 76264K, committed 78848K, reserved 1118208K
  class space    used 8853K, capacity 9275K, committed 9984K, reserved 1048576K
Event: 22954.601 GC heap after
Heap after GC invocations=129 (full 42):
 PSYoungGen      total 240128K, used 0K [0x00000007aab00000, 0x00000007bc080000, 0x00000007c0000000)
  eden space 196608K, 0% used [0x00000007aab00000,0x00000007aab00000,0x00000007b6b00000)
  from space 43520K, 0% used [0x00000007b6b00000,0x00000007b6b00000,0x00000007b9580000)
  to   space 41472K, 0% used [0x00000007b9800000,0x00000007b9800000,0x00000007bc080000)
 ParOldGen       total 66048K, used 42749K [0x0000000780000000, 0x0000000784080000, 0x00000007aab00000)
  object space 66048K, 64% used [0x0000000780000000,0x00000007829bf6b0,0x0000000784080000)
 Metaspace       used 70254K, capacity 76090K, committed 78848K, reserved 1118208K
  class space    used 8836K, capacity 9257K, committed 9984K, reserved 1048576K
}
Event: 23003.883 GC heap before
{Heap before GC invocations=130 (full 42):
 PSYoungGen      total 240128K, used 196608K [0x00000007aab00000, 0x00000007bc080000, 0x00000007c0000000)
  eden space 196608K, 100% used [0x00000007aab00000,0x00000007b6b00000,0x00000007b6b00000)
  from space 43520K, 0% used [0x00000007b6b00000,0x00000007b6b00000,0x00000007b9580000)
  to   space 41472K, 0% used [0x00000007b9800000,0x00000007b9800000,0x00000007bc080000)
 ParOldGen       total 66048K, used 42749K [0x0000000780000000, 0x0000000784080000, 0x00000007aab00000)
  object space 66048K, 64% used [0x0000000780000000,0x00000007829bf6b0,0x0000000784080000)
 Metaspace       used 70374K, capacity 76338K, committed 78848K, reserved 1118208K
  class space    used 8859K, capacity 9285K, committed 9984K, reserved 1048576K
Event: 23003.893 GC heap after
Heap after GC invocations=130 (full 42):
 PSYoungGen      total 243712K, used 6032K [0x00000007aab00000, 0x00000007bcc00000, 0x00000007c0000000)
  eden space 202240K, 0% used [0x00000007aab00000,0x00000007aab00000,0x00000007b7080000)
  from space 41472K, 14% used [0x00000007b9800000,0x00000007b9de4010,0x00000007bc080000)
  to   space 40448K, 0% used [0x00000007b7080000,0x00000007b7080000,0x00000007b9800000)
 ParOldGen       total 66048K, used 42749K [0x0000000780000000, 0x0000000784080000, 0x00000007aab00000)
  object space 66048K, 64% used [0x0000000780000000,0x00000007829bf6b0,0x0000000784080000)
 Metaspace       used 70374K, capacity 76338K, committed 78848K, reserved 1118208K
  class space    used 8859K, capacity 9285K, committed 9984K, reserved 1048576K
}
Event: 23058.622 GC heap before
{Heap before GC invocations=131 (full 42):
 PSYoungGen      total 243712K, used 208272K [0x00000007aab00000, 0x00000007bcc00000, 0x00000007c0000000)
  eden space 202240K, 100% used [0x00000007aab00000,0x00000007b7080000,0x00000007b7080000)
  from space 41472K, 14% used [0x00000007b9800000,0x00000007b9de4010,0x00000007bc080000)
  to   space 40448K, 0% used [0x00000007b7080000,0x00000007b7080000,0x00000007b9800000)
 ParOldGen       total 66048K, used 42749K [0x0000000780000000, 0x0000000784080000, 0x00000007aab00000)
  object space 66048K, 64% used [0x0000000780000000,0x00000007829bf6b0,0x0000000784080000)
 Metaspace       used 70535K, capacity 76690K, committed 79104K, reserved 1118208K
  class space    used 8879K, capacity 9309K, committed 9984K, reserved 1048576K
Event: 23058.633 GC heap after
Heap after GC invocations=131 (full 42):
 PSYoungGen      total 242688K, used 6368K [0x00000007aab00000, 0x00000007bcb80000, 0x00000007c0000000)
  eden space 202240K, 0% used [0x00000007aab00000,0x00000007aab00000,0x00000007b7080000)
  from space 40448K, 15% used [0x00000007b7080000,0x00000007b76b8000,0x00000007b9800000)
  to   space 38912K, 0% used [0x00000007ba580000,0x00000007ba580000,0x00000007bcb80000)
 ParOldGen       total 66048K, used 42757K [0x0000000780000000, 0x0000000784080000, 0x00000007aab00000)
  object space 66048K, 64% used [0x0000000780000000,0x00000007829c16b0,0x0000000784080000)
 Metaspace       used 70535K, capacity 76690K, committed 79104K, reserved 1118208K
  class space    used 8879K, capacity 9309K, committed 9984K, reserved 1048576K
}

Deoptimization events (10 events):
Event: 16723.398 Thread 0x00007fdc325db800 Uncommon trap: reason=null_check action=make_not_entrant pc=0x0000000114ca2890 method=org.gradle.api.internal.artifacts.ivyservice.ivyresolve.parser.GradlePomModuleDescriptorParser.isDependencyImportScoped(Lorg/gradle/api/internal/artifacts/ivyservice/ivy
Event: 22598.312 Thread 0x00007fdc315c5000 Uncommon trap: reason=class_check action=maybe_recompile pc=0x00000001119e96e4 method=org.apache.commons.io.IOUtils.copyLarge(Ljava/io/InputStream;Ljava/io/OutputStream;[B)J @ 8
Event: 22598.314 Thread 0x00007fdc315c5000 Uncommon trap: reason=bimorphic action=maybe_recompile pc=0x0000000112d1e39c method=java.io.BufferedOutputStream.flushBuffer()V @ 20
Event: 22599.727 Thread 0x00007fdc315c5000 Uncommon trap: reason=unstable_if action=reinterpret pc=0x0000000114a20c84 method=com.android.ide.common.res2.ValueResourceParser2.parseFile()Ljava/util/List; @ 108
Event: 22607.275 Thread 0x00007fdc315c5000 Uncommon trap: reason=unstable_if action=reinterpret pc=0x00000001139bf03c method=org.objectweb.asm.Frame.a(Lorg/objectweb/asm/ClassWriter;I)I @ 150
Event: 22728.231 Thread 0x00007fdc312a7800 Uncommon trap: reason=array_check action=maybe_recompile pc=0x0000000114f11b58 method=java.util.TimSort.reverseRange([Ljava/lang/Object;II)V @ 27
Event: 22728.234 Thread 0x00007fdc312a7800 Uncommon trap: reason=array_check action=maybe_recompile pc=0x0000000114f11b58 method=java.util.TimSort.reverseRange([Ljava/lang/Object;II)V @ 27
Event: 22728.235 Thread 0x00007fdc312a7800 Uncommon trap: reason=array_check action=maybe_recompile pc=0x0000000114f09248 method=java.util.TimSort.reverseRange([Ljava/lang/Object;II)V @ 27
Event: 22950.366 Thread 0x00007fdc35dfd800 Uncommon trap: reason=unstable_if action=reinterpret pc=0x00000001133f8830 method=java.lang.Class$MethodArray.addIfNotPresent(Ljava/lang/reflect/Method;)V @ 31
Event: 22950.366 Thread 0x00007fdc35dfd800 Uncommon trap: reason=unstable_if action=reinterpret pc=0x0000000111028558 method=java.lang.Class$MethodArray.addIfNotPresent(Ljava/lang/reflect/Method;)V @ 31

Internal exceptions (10 events):
Event: 22950.234 Thread 0x00007fdc358e0000 Exception <a 'java/lang/NoSuchMethodError': <clinit>> (0x00000007aafdb920) thrown at [/Users/java_re/workspace/8-2-build-macosx-x86_64/jdk8u91/6644/hotspot/src/share/vm/prims/jni.cpp, line 1613]
Event: 22950.236 Thread 0x00007fdc358e0000 Exception <a 'java/lang/NoSuchMethodError': <clinit>> (0x00000007aaff7378) thrown at [/Users/java_re/workspace/8-2-build-macosx-x86_64/jdk8u91/6644/hotspot/src/share/vm/prims/jni.cpp, line 1613]
Event: 22950.242 Thread 0x00007fdc35dfd800 Exception <a 'java/lang/NoSuchMethodError': <clinit>> (0x00000007ab0961a0) thrown at [/Users/java_re/workspace/8-2-build-macosx-x86_64/jdk8u91/6644/hotspot/src/share/vm/prims/jni.cpp, line 1613]
Event: 22950.243 Thread 0x00007fdc35dfd800 Exception <a 'java/lang/NoSuchMethodError': <clinit>> (0x00000007ab09e3a8) thrown at [/Users/java_re/workspace/8-2-build-macosx-x86_64/jdk8u91/6644/hotspot/src/share/vm/prims/jni.cpp, line 1613]
Event: 22950.310 Thread 0x00007fdc35dfd800 Exception <a 'java/lang/ClassNotFoundException': asLocalRepo179_a5ze7fegqxp29rem36iy3sxtpBeanInfo> (0x00000007abd0c478) thrown at [/Users/java_re/workspace/8-2-build-macosx-x86_64/jdk8u91/6644/hotspot/src/share/vm/classfile/systemDictionary.cpp, line 210]
Event: 22950.311 Thread 0x00007fdc35dfd800 Exception <a 'java/lang/ClassNotFoundException': asLocalRepo179_a5ze7fegqxp29rem36iy3sxtpCustomizer> (0x00000007abd15e60) thrown at [/Users/java_re/workspace/8-2-build-macosx-x86_64/jdk8u91/6644/hotspot/src/share/vm/classfile/systemDictionary.cpp, line 21
Event: 23002.425 Thread 0x00007fdc35dfd800 Exception <a 'java/lang/ClassNotFoundException': asLocalRepo180_qqy2vx355u80562zw9t70h8sBeanInfo> (0x00000007ab82c898) thrown at [/Users/java_re/workspace/8-2-build-macosx-x86_64/jdk8u91/6644/hotspot/src/share/vm/classfile/systemDictionary.cpp, line 210]
Event: 23002.426 Thread 0x00007fdc35dfd800 Exception <a 'java/lang/ClassNotFoundException': asLocalRepo180_qqy2vx355u80562zw9t70h8sCustomizer> (0x00000007ab836238) thrown at [/Users/java_re/workspace/8-2-build-macosx-x86_64/jdk8u91/6644/hotspot/src/share/vm/classfile/systemDictionary.cpp, line 210
Event: 23056.799 Thread 0x00007fdc35dfd800 Exception <a 'java/lang/ClassNotFoundException': asLocalRepo181_cvhzmb6vlebvjpjrg3687ov8gBeanInfo> (0x00000007ac1de380) thrown at [/Users/java_re/workspace/8-2-build-macosx-x86_64/jdk8u91/6644/hotspot/src/share/vm/classfile/systemDictionary.cpp, line 210]
Event: 23056.799 Thread 0x00007fdc35dfd800 Exception <a 'java/lang/ClassNotFoundException': asLocalRepo181_cvhzmb6vlebvjpjrg3687ov8gCustomizer> (0x00000007ac1e7d68) thrown at [/Users/java_re/workspace/8-2-build-macosx-x86_64/jdk8u91/6644/hotspot/src/share/vm/classfile/systemDictionary.cpp, line 21

Events (10 events):
Event: 23914.996 Executing VM operation: RevokeBias
Event: 23914.997 Executing VM operation: RevokeBias done
Event: 23915.027 Thread 0x00007fdc374e0800 Thread added: 0x00007fdc374e0800
Event: 23915.061 Thread 0x00007fdc36829800 Thread added: 0x00007fdc36829800
Event: 23915.062 Executing VM operation: RevokeBias
Event: 23915.062 Executing VM operation: RevokeBias done
Event: 23915.062 Executing VM operation: RevokeBias
Event: 23915.062 Executing VM operation: RevokeBias done
Event: 23915.069 Thread 0x00007fdc358e0000 Thread added: 0x00007fdc358e0000
Event: 23915.091 Thread 0x00007fdc3280c800 flushing nmethod 0x0000000110f96910


Dynamic libraries:
0x0000000005de1000 	/System/Library/Frameworks/Cocoa.framework/Versions/A/Cocoa
0x0000000005de1000 	/System/Library/Frameworks/Security.framework/Versions/A/Security
0x0000000005de1000 	/System/Library/Frameworks/ApplicationServices.framework/Versions/A/ApplicationServices
0x0000000005de1000 	/usr/lib/libz.1.dylib
0x0000000005de1000 	/usr/lib/libSystem.B.dylib
0x0000000005de1000 	/usr/lib/libobjc.A.dylib
0x0000000005de1000 	/System/Library/Frameworks/CoreFoundation.framework/Versions/A/CoreFoundation
0x0000000005de1000 	/System/Library/Frameworks/Foundation.framework/Versions/C/Foundation
0x0000000005de1000 	/System/Library/Frameworks/AppKit.framework/Versions/C/AppKit
0x0000000005de1000 	/System/Library/Frameworks/CoreData.framework/Versions/A/CoreData
0x0000000005de1000 	/System/Library/PrivateFrameworks/RemoteViewServices.framework/Versions/A/RemoteViewServices
0x0000000005de1000 	/System/Library/PrivateFrameworks/UIFoundation.framework/Versions/A/UIFoundation
0x0000000005de1000 	/System/Library/Frameworks/IOSurface.framework/Versions/A/IOSurface
0x0000000005de1000 	/System/Library/Frameworks/AudioToolbox.framework/Versions/A/AudioToolbox
0x0000000005de1000 	/System/Library/Frameworks/AudioUnit.framework/Versions/A/AudioUnit
0x0000000005de1000 	/System/Library/PrivateFrameworks/DataDetectorsCore.framework/Versions/A/DataDetectorsCore
0x0000000005de1000 	/System/Library/PrivateFrameworks/DesktopServicesPriv.framework/Versions/A/DesktopServicesPriv
0x0000000005de1000 	/System/Library/Frameworks/Carbon.framework/Versions/A/Frameworks/HIToolbox.framework/Versions/A/HIToolbox
0x0000000005de1000 	/System/Library/Frameworks/QuartzCore.framework/Versions/A/QuartzCore
0x0000000005de1000 	/System/Library/Frameworks/Carbon.framework/Versions/A/Frameworks/SpeechRecognition.framework/Versions/A/SpeechRecognition
0x0000000005de1000 	/usr/lib/libauto.dylib
0x0000000005de1000 	/usr/lib/libicucore.A.dylib
0x0000000005de1000 	/usr/lib/libxml2.2.dylib
0x0000000005de1000 	/System/Library/PrivateFrameworks/CoreUI.framework/Versions/A/CoreUI
0x0000000005de1000 	/System/Library/Frameworks/CoreAudio.framework/Versions/A/CoreAudio
0x0000000005de1000 	/System/Library/Frameworks/DiskArbitration.framework/Versions/A/DiskArbitration
0x0000000005de1000 	/usr/lib/liblangid.dylib
0x0000000005de1000 	/System/Library/PrivateFrameworks/MultitouchSupport.framework/Versions/A/MultitouchSupport
0x0000000005de1000 	/System/Library/Frameworks/IOKit.framework/Versions/A/IOKit
0x0000000005de1000 	/usr/lib/libDiagnosticMessagesClient.dylib
0x0000000005de1000 	/System/Library/Frameworks/CoreServices.framework/Versions/A/CoreServices
0x0000000005de1000 	/System/Library/PrivateFrameworks/PerformanceAnalysis.framework/Versions/A/PerformanceAnalysis
0x0000000005de1000 	/System/Library/PrivateFrameworks/GenerationalStorage.framework/Versions/A/GenerationalStorage
0x0000000005de1000 	/System/Library/Frameworks/OpenGL.framework/Versions/A/OpenGL
0x0000000005de1000 	/System/Library/PrivateFrameworks/Sharing.framework/Versions/A/Sharing
0x0000000005de1000 	/System/Library/Frameworks/CoreGraphics.framework/Versions/A/CoreGraphics
0x0000000005de1000 	/System/Library/Frameworks/CoreText.framework/Versions/A/CoreText
0x0000000005de1000 	/System/Library/Frameworks/ImageIO.framework/Versions/A/ImageIO
0x0000000005de1000 	/usr/lib/libextension.dylib
0x0000000005de1000 	/System/Library/PrivateFrameworks/Backup.framework/Versions/A/Backup
0x0000000005de1000 	/usr/lib/libarchive.2.dylib
0x0000000005de1000 	/System/Library/Frameworks/CFNetwork.framework/Versions/A/CFNetwork
0x0000000005de1000 	/System/Library/Frameworks/SystemConfiguration.framework/Versions/A/SystemConfiguration
0x0000000005de1000 	/usr/lib/libCRFSuite.dylib
0x0000000005de1000 	/usr/lib/libc++.1.dylib
0x0000000005de1000 	/usr/lib/libc++abi.dylib
0x0000000005de1000 	/usr/lib/system/libcache.dylib
0x0000000005de1000 	/usr/lib/system/libcommonCrypto.dylib
0x0000000005de1000 	/usr/lib/system/libcompiler_rt.dylib
0x0000000005de1000 	/usr/lib/system/libcopyfile.dylib
0x0000000005de1000 	/usr/lib/system/libcorecrypto.dylib
0x0000000005de1000 	/usr/lib/system/libdispatch.dylib
0x0000000005de1000 	/usr/lib/system/libdyld.dylib
0x0000000005de1000 	/usr/lib/system/libkeymgr.dylib
0x0000000005de1000 	/usr/lib/system/liblaunch.dylib
0x0000000005de1000 	/usr/lib/system/libmacho.dylib
0x0000000005de1000 	/usr/lib/system/libquarantine.dylib
0x0000000005de1000 	/usr/lib/system/libremovefile.dylib
0x0000000005de1000 	/usr/lib/system/libsystem_asl.dylib
0x0000000005de1000 	/usr/lib/system/libsystem_blocks.dylib
0x0000000005de1000 	/usr/lib/system/libsystem_c.dylib
0x0000000005de1000 	/usr/lib/system/libsystem_configuration.dylib
0x0000000005de1000 	/usr/lib/system/libsystem_coreservices.dylib
0x0000000005de1000 	/usr/lib/system/libsystem_coretls.dylib
0x0000000005de1000 	/usr/lib/system/libsystem_dnssd.dylib
0x0000000005de1000 	/usr/lib/system/libsystem_info.dylib
0x0000000005de1000 	/usr/lib/system/libsystem_kernel.dylib
0x0000000005de1000 	/usr/lib/system/libsystem_m.dylib
0x0000000005de1000 	/usr/lib/system/libsystem_malloc.dylib
0x0000000005de1000 	/usr/lib/system/libsystem_network.dylib
0x0000000005de1000 	/usr/lib/system/libsystem_networkextension.dylib
0x0000000005de1000 	/usr/lib/system/libsystem_notify.dylib
0x0000000005de1000 	/usr/lib/system/libsystem_platform.dylib
0x0000000005de1000 	/usr/lib/system/libsystem_pthread.dylib
0x0000000005de1000 	/usr/lib/system/libsystem_sandbox.dylib
0x0000000005de1000 	/usr/lib/system/libsystem_secinit.dylib
0x0000000005de1000 	/usr/lib/system/libsystem_stats.dylib
0x0000000005de1000 	/usr/lib/system/libsystem_trace.dylib
0x0000000005de1000 	/usr/lib/system/libunc.dylib
0x0000000005de1000 	/usr/lib/system/libunwind.dylib
0x0000000005de1000 	/usr/lib/system/libxpc.dylib
0x0000000005de1000 	/usr/lib/libbz2.1.0.dylib
0x0000000005de1000 	/usr/lib/liblzma.5.dylib
0x0000000005de1000 	/usr/lib/libbsm.0.dylib
0x0000000005de1000 	/usr/lib/libsqlite3.dylib
0x0000000005de1000 	/usr/lib/system/libkxld.dylib
0x0000000005de1000 	/usr/lib/libxar.1.dylib
0x0000000005de1000 	/usr/lib/libpam.2.dylib
0x0000000005de1000 	/usr/lib/libOpenScriptingUtil.dylib
0x0000000005de1000 	/System/Library/Frameworks/CoreServices.framework/Versions/A/Frameworks/FSEvents.framework/Versions/A/FSEvents
0x0000000005de1000 	/System/Library/Frameworks/CoreServices.framework/Versions/A/Frameworks/CarbonCore.framework/Versions/A/CarbonCore
0x0000000005de1000 	/System/Library/Frameworks/CoreServices.framework/Versions/A/Frameworks/Metadata.framework/Versions/A/Metadata
0x0000000005de1000 	/System/Library/Frameworks/CoreServices.framework/Versions/A/Frameworks/OSServices.framework/Versions/A/OSServices
0x0000000005de1000 	/System/Library/Frameworks/CoreServices.framework/Versions/A/Frameworks/SearchKit.framework/Versions/A/SearchKit
0x0000000005de1000 	/System/Library/Frameworks/CoreServices.framework/Versions/A/Frameworks/AE.framework/Versions/A/AE
0x0000000005de1000 	/System/Library/Frameworks/CoreServices.framework/Versions/A/Frameworks/LaunchServices.framework/Versions/A/LaunchServices
0x0000000005de1000 	/System/Library/Frameworks/CoreServices.framework/Versions/A/Frameworks/DictionaryServices.framework/Versions/A/DictionaryServices
0x0000000005de1000 	/System/Library/Frameworks/NetFS.framework/Versions/A/NetFS
0x0000000005de1000 	/System/Library/PrivateFrameworks/NetAuth.framework/Versions/A/NetAuth
0x0000000005de1000 	/System/Library/PrivateFrameworks/login.framework/Versions/A/Frameworks/loginsupport.framework/Versions/A/loginsupport
0x0000000005de1000 	/System/Library/PrivateFrameworks/TCC.framework/Versions/A/TCC
0x0000000005de1000 	/usr/lib/libmecabra.dylib
0x0000000005de1000 	/System/Library/Frameworks/ApplicationServices.framework/Versions/A/Frameworks/ATS.framework/Versions/A/ATS
0x0000000005de1000 	/System/Library/Frameworks/ApplicationServices.framework/Versions/A/Frameworks/ColorSync.framework/Versions/A/ColorSync
0x0000000005de1000 	/System/Library/Frameworks/ApplicationServices.framework/Versions/A/Frameworks/HIServices.framework/Versions/A/HIServices
0x0000000005de1000 	/System/Library/Frameworks/ApplicationServices.framework/Versions/A/Frameworks/LangAnalysis.framework/Versions/A/LangAnalysis
0x0000000005de1000 	/System/Library/Frameworks/ApplicationServices.framework/Versions/A/Frameworks/PrintCore.framework/Versions/A/PrintCore
0x0000000005de1000 	/System/Library/Frameworks/ApplicationServices.framework/Versions/A/Frameworks/QD.framework/Versions/A/QD
0x0000000005de1000 	/System/Library/Frameworks/ApplicationServices.framework/Versions/A/Frameworks/SpeechSynthesis.framework/Versions/A/SpeechSynthesis
0x0000000005de1000 	/System/Library/Frameworks/Accelerate.framework/Versions/A/Accelerate
0x0000000005de1000 	/System/Library/Frameworks/Accelerate.framework/Versions/A/Frameworks/vImage.framework/Versions/A/vImage
0x0000000005de1000 	/System/Library/Frameworks/Accelerate.framework/Versions/A/Frameworks/vecLib.framework/Versions/A/vecLib
0x0000000005de1000 	/System/Library/Frameworks/Accelerate.framework/Versions/A/Frameworks/vecLib.framework/Versions/A/libvDSP.dylib
0x0000000005de1000 	/System/Library/Frameworks/Accelerate.framework/Versions/A/Frameworks/vecLib.framework/Versions/A/libvMisc.dylib
0x0000000005de1000 	/System/Library/Frameworks/Accelerate.framework/Versions/A/Frameworks/vecLib.framework/Versions/A/libLAPACK.dylib
0x0000000005de1000 	/System/Library/Frameworks/Accelerate.framework/Versions/A/Frameworks/vecLib.framework/Versions/A/libBLAS.dylib
0x0000000005de1000 	/System/Library/Frameworks/Accelerate.framework/Versions/A/Frameworks/vecLib.framework/Versions/A/libLinearAlgebra.dylib
0x0000000005de1000 	/System/Library/Frameworks/ApplicationServices.framework/Versions/A/Frameworks/ATS.framework/Versions/A/Resources/libFontParser.dylib
0x0000000005de1000 	/System/Library/Frameworks/ApplicationServices.framework/Versions/A/Frameworks/ATS.framework/Versions/A/Resources/libFontRegistry.dylib
0x0000000005de1000 	/System/Library/PrivateFrameworks/AppleVPA.framework/Versions/A/AppleVPA
0x0000000005de1000 	/System/Library/PrivateFrameworks/AppleJPEG.framework/Versions/A/AppleJPEG
0x0000000005de1000 	/System/Library/Frameworks/ImageIO.framework/Versions/A/Resources/libJPEG.dylib
0x0000000005de1000 	/System/Library/Frameworks/ImageIO.framework/Versions/A/Resources/libTIFF.dylib
0x0000000005de1000 	/System/Library/Frameworks/ImageIO.framework/Versions/A/Resources/libPng.dylib
0x0000000005de1000 	/System/Library/Frameworks/ImageIO.framework/Versions/A/Resources/libGIF.dylib
0x0000000005de1000 	/System/Library/Frameworks/ImageIO.framework/Versions/A/Resources/libJP2.dylib
0x0000000005de1000 	/System/Library/Frameworks/ImageIO.framework/Versions/A/Resources/libRadiance.dylib
0x0000000005de1000 	/System/Library/Frameworks/CoreVideo.framework/Versions/A/CoreVideo
0x0000000005de1000 	/System/Library/Frameworks/OpenGL.framework/Versions/A/Libraries/libGLU.dylib
0x0000000005de1000 	/System/Library/Frameworks/OpenGL.framework/Versions/A/Libraries/libGFXShared.dylib
0x0000000005de1000 	/System/Library/Frameworks/OpenGL.framework/Versions/A/Libraries/libGL.dylib
0x0000000005de1000 	/System/Library/Frameworks/OpenGL.framework/Versions/A/Libraries/libGLImage.dylib
0x0000000005de1000 	/System/Library/Frameworks/OpenGL.framework/Versions/A/Libraries/libCVMSPluginSupport.dylib
0x0000000005de1000 	/System/Library/Frameworks/OpenGL.framework/Versions/A/Libraries/libCoreVMClient.dylib
0x0000000005de1000 	/usr/lib/libcups.2.dylib
0x0000000005de1000 	/System/Library/Frameworks/Kerberos.framework/Versions/A/Kerberos
0x0000000005de1000 	/System/Library/Frameworks/GSS.framework/Versions/A/GSS
0x0000000005de1000 	/usr/lib/libresolv.9.dylib
0x0000000005de1000 	/usr/lib/libiconv.2.dylib
0x0000000005de1000 	/System/Library/PrivateFrameworks/Heimdal.framework/Versions/A/Heimdal
0x0000000005de1000 	/usr/lib/libheimdal-asn1.dylib
0x0000000005de1000 	/System/Library/Frameworks/OpenDirectory.framework/Versions/A/OpenDirectory
0x0000000005de1000 	/System/Library/PrivateFrameworks/CommonAuth.framework/Versions/A/CommonAuth
0x0000000005de1000 	/System/Library/Frameworks/OpenDirectory.framework/Versions/A/Frameworks/CFOpenDirectory.framework/Versions/A/CFOpenDirectory
0x0000000005de1000 	/System/Library/Frameworks/SecurityFoundation.framework/Versions/A/SecurityFoundation
0x0000000005de1000 	/System/Library/PrivateFrameworks/LanguageModeling.framework/Versions/A/LanguageModeling
0x0000000005de1000 	/usr/lib/libcmph.dylib
0x0000000005de1000 	/System/Library/Frameworks/ServiceManagement.framework/Versions/A/ServiceManagement
0x0000000005de1000 	/usr/lib/libxslt.1.dylib
0x0000000005de1000 	/System/Library/Frameworks/Carbon.framework/Versions/A/Frameworks/Ink.framework/Versions/A/Ink
0x0000000005de1000 	/System/Library/Frameworks/QuartzCore.framework/Versions/A/Frameworks/CoreImage.framework/Versions/A/CoreImage
0x0000000005de1000 	/System/Library/PrivateFrameworks/CrashReporterSupport.framework/Versions/A/CrashReporterSupport
0x0000000005de1000 	/System/Library/Frameworks/OpenCL.framework/Versions/A/OpenCL
0x0000000005de1000 	/System/Library/PrivateFrameworks/FaceCore.framework/Versions/A/FaceCore
0x0000000005de1000 	/System/Library/PrivateFrameworks/Ubiquity.framework/Versions/A/Ubiquity
0x0000000005de1000 	/System/Library/PrivateFrameworks/IconServices.framework/Versions/A/IconServices
0x0000000005de1000 	/System/Library/PrivateFrameworks/ChunkingLibrary.framework/Versions/A/ChunkingLibrary
0x0000000005de1000 	/System/Library/PrivateFrameworks/Apple80211.framework/Versions/A/Apple80211
0x0000000005de1000 	/System/Library/Frameworks/CoreWLAN.framework/Versions/A/CoreWLAN
0x0000000005de1000 	/System/Library/Frameworks/IOBluetooth.framework/Versions/A/IOBluetooth
0x0000000005de1000 	/System/Library/PrivateFrameworks/CoreWiFi.framework/Versions/A/CoreWiFi
0x0000000005de1000 	/System/Library/Frameworks/CoreBluetooth.framework/Versions/A/CoreBluetooth
0x0000000005de1000 	/System/Library/PrivateFrameworks/DebugSymbols.framework/Versions/A/DebugSymbols
0x0000000005de1000 	/System/Library/PrivateFrameworks/CoreSymbolication.framework/Versions/A/CoreSymbolication
0x0000000005de1000 	/System/Library/PrivateFrameworks/Symbolication.framework/Versions/A/Symbolication
0x0000000005de1000 	/System/Library/PrivateFrameworks/SpeechRecognitionCore.framework/Versions/A/SpeechRecognitionCore
0x000000010edbc000 	/Library/Java/JavaVirtualMachines/jdk1.8.0_91.jdk/Contents/Home/jre/lib/server/libjvm.dylib
0x0000000005de1000 	/usr/lib/libstdc++.6.dylib
0x000000010fd67000 	/Library/Java/JavaVirtualMachines/jdk1.8.0_91.jdk/Contents/Home/jre/lib/libverify.dylib
0x000000010fd75000 	/Library/Java/JavaVirtualMachines/jdk1.8.0_91.jdk/Contents/Home/jre/lib/libjava.dylib
0x000000010fdb4000 	/Library/Java/JavaVirtualMachines/jdk1.8.0_91.jdk/Contents/Home/jre/lib/libzip.dylib
0x00000001241d5000 	/System/Library/Frameworks/JavaVM.framework/Frameworks/JavaRuntimeSupport.framework/JavaRuntimeSupport
0x00000001241eb000 	/System/Library/Frameworks/JavaVM.framework/Versions/A/Frameworks/JavaNativeFoundation.framework/Versions/A/JavaNativeFoundation
0x00000001241ff000 	/System/Library/Frameworks/JavaVM.framework/Versions/A/JavaVM
0x0000000005de1000 	/System/Library/Frameworks/Carbon.framework/Versions/A/Carbon
0x000000012420b000 	/System/Library/PrivateFrameworks/JavaLaunching.framework/Versions/A/JavaLaunching
0x0000000005de1000 	/System/Library/Frameworks/Carbon.framework/Versions/A/Frameworks/CommonPanels.framework/Versions/A/CommonPanels
0x0000000005de1000 	/System/Library/Frameworks/Carbon.framework/Versions/A/Frameworks/Help.framework/Versions/A/Help
0x0000000005de1000 	/System/Library/Frameworks/Carbon.framework/Versions/A/Frameworks/ImageCapture.framework/Versions/A/ImageCapture
0x0000000005de1000 	/System/Library/Frameworks/Carbon.framework/Versions/A/Frameworks/OpenScripting.framework/Versions/A/OpenScripting
0x0000000005de1000 	/System/Library/Frameworks/Carbon.framework/Versions/A/Frameworks/Print.framework/Versions/A/Print
0x0000000005de1000 	/System/Library/Frameworks/Carbon.framework/Versions/A/Frameworks/SecurityHI.framework/Versions/A/SecurityHI
0x0000000126286000 	/Library/Java/JavaVirtualMachines/jdk1.8.0_91.jdk/Contents/Home/jre/lib/libnet.dylib
0x00000001262e5000 	/Library/Java/JavaVirtualMachines/jdk1.8.0_91.jdk/Contents/Home/jre/lib/libnio.dylib
0x00000001262f5000 	/Users/keshav.p/.gradle/native/19/osx-amd64/libnative-platform.dylib
0x0000000126382000 	/Library/Java/JavaVirtualMachines/jdk1.8.0_91.jdk/Contents/Home/jre/lib/libmanagement.dylib
0x000000012630d000 	/Library/Java/JavaVirtualMachines/jdk1.8.0_91.jdk/Contents/Home/jre/lib/libsunec.dylib

VM Arguments:
jvm_args: -XX:MaxPermSize=256m -XX:+HeapDumpOnOutOfMemoryError -Xmx1024m -Dfile.encoding=UTF-8 -Duser.country=US -Duser.language=en -Duser.variant 
java_command: org.gradle.launcher.daemon.bootstrap.GradleDaemon 2.10
java_class_path (initial): /Users/keshav.p/.gradle/wrapper/dists/gradle-2.10-all/a4w5fzrkeut1ox71xslb49gst/gradle-2.10/lib/gradle-launcher-2.10.jar
Launcher Type: SUN_STANDARD

Environment Variables:
PATH=/usr/bin:/bin:/usr/sbin:/sbin
SHELL=/bin/bash

Signal Handlers:
SIGSEGV: [libjvm.dylib+0x5a97a1], sa_mask[0]=11111111011111110111111111111111, sa_flags=SA_ONSTACK|SA_RESTART|SA_SIGINFO
SIGBUS: [libjvm.dylib+0x5a97a1], sa_mask[0]=11111111011111110111111111111111, sa_flags=SA_RESTART|SA_SIGINFO
SIGFPE: [libjvm.dylib+0x482594], sa_mask[0]=11111111011111110111111111111111, sa_flags=SA_RESTART|SA_SIGINFO
SIGPIPE: [libjvm.dylib+0x482594], sa_mask[0]=11111111011111110111111111111111, sa_flags=SA_RESTART|SA_SIGINFO
SIGXFSZ: [libjvm.dylib+0x482594], sa_mask[0]=11111111011111110111111111111111, sa_flags=SA_RESTART|SA_SIGINFO
SIGILL: [libjvm.dylib+0x482594], sa_mask[0]=11111111011111110111111111111111, sa_flags=SA_RESTART|SA_SIGINFO
SIGUSR1: SIG_DFL, sa_mask[0]=00000000000000000000000000000000, sa_flags=none
SIGUSR2: [libjvm.dylib+0x4820b2], sa_mask[0]=00100000000000000000000000000000, sa_flags=SA_RESTART|SA_SIGINFO
SIGHUP: [libjvm.dylib+0x480689], sa_mask[0]=11111111011111110111111111111111, sa_flags=SA_RESTART|SA_SIGINFO
SIGINT: [libjvm.dylib+0x480689], sa_mask[0]=11111111011111110111111111111111, sa_flags=SA_RESTART|SA_SIGINFO
SIGTERM: [libjvm.dylib+0x480689], sa_mask[0]=11111111011111110111111111111111, sa_flags=SA_RESTART|SA_SIGINFO
SIGQUIT: [libjvm.dylib+0x480689], sa_mask[0]=11111111011111110111111111111111, sa_flags=SA_RESTART|SA_SIGINFO


---------------  S Y S T E M  ---------------

OS:Bsduname:Darwin 14.5.0 Darwin Kernel Version 14.5.0: Wed Jul 29 02:26:53 PDT 2015; root:xnu-2782.40.9~1/RELEASE_X86_64 x86_64
rlimit: STACK 8192k, CORE 0k, NPROC 709, NOFILE 10240, AS infinity
load average:2.27 2.45 3.48

CPU:total 4 (2 cores per cpu, 2 threads per core) family 6 model 58 stepping 9, cmov, cx8, fxsr, mmx, sse, sse2, sse3, ssse3, sse4.1, sse4.2, popcnt, avx, aes, clmul, erms, ht, tsc, tscinvbit, tscinv

Memory: 4k page, physical 8388608k(35192k free)

/proc/meminfo:


vm_info: Java HotSpot(TM) 64-Bit Server VM (25.91-b14) for bsd-amd64 JRE (1.8.0_91-b14), built on Apr  1 2016 01:03:00 by "java_re" with gcc 4.2.1 (Based on Apple Inc. build 5658) (LLVM build 2336.11.00)

time: Fri Oct 14 15:33:30 2016
elapsed time: 23915 seconds (0d 6h 38m 35s)

